<?xml version="1.0" encoding="UTF-8"?>
<!-- Generated by org.testng.reporters.JUnitXMLReporter -->
<testsuite ignored="0" hostname="PRZEWAB-HP" failures="1" tests="4" name="Command line test" time="69.905" errors="0" timestamp="25 Jun 2019 18:27:09 GMT">
  <testcase classname="XKomSearchTest" name="checkGetIntoProductDetails" time="7.204"/>
  <testcase classname="XKomSearchTest" name="checkGoingToNextSite" time="0.547"/>
  <testcase classname="XKomSearchTest" name="checkIfProducerFilterReducePagesAmount" time="5.332"/>
  <testcase classname="XKomSearchTest" name="checkPriceFilter" time="4.378">
    <failure type="java.lang.NumberFormatException" message="For input string: &amp;quot;5399.00zł&amp;quot;">
      <![CDATA[java.lang.NumberFormatException: For input string: "5399.00zł"
at java.base/jdk.internal.math.FloatingDecimal.readJavaFormatString(FloatingDecimal.java:2054)
at java.base/jdk.internal.math.FloatingDecimal.parseDouble(FloatingDecimal.java:110)
at java.base/java.lang.Double.parseDouble(Double.java:543)
at Pages.XKomSearchPage.getPricesList(XKomSearchPage.java:119)
at XKomSearchTest.checkPriceFilter(XKomSearchTest.java:81)
... Removed 34 stack frames]]>
    </failure>
  </testcase> <!-- checkPriceFilter -->
</testsuite> <!-- Command line test -->
