<?xml version="1.0" encoding="UTF-8"?>
<!-- Generated by org.testng.reporters.JUnitXMLReporter -->
<testsuite hostname="PRZEWAB-HP" ignored="0" tests="3" failures="0" timestamp="16 Jun 2019 15:43:54 GMT" time="36.826" errors="0">
  <testcase name="checkGetIntoProductDetails" time="5.855" classname="XKomSearchTest"/>
  <testcase name="checkGoingToNextSite" time="0.216" classname="XKomSearchTest"/>
  <testcase name="checkIfProducerFilterReducePagesAmount" time="2.413" classname="XKomSearchTest"/>
</testsuite>
