<?xml version="1.0" encoding="UTF-8" ?>
<testsuite tests="4" failures="1" name="XKomSearchTest" time="17.466" errors="0" skipped="0">
  <properties>
[...]
</properties>
  <testcase classname="XKomSearchTest" name="checkGetIntoProductDetails" time="7.206"/>
  <testcase classname="XKomSearchTest" name="checkGoingToNextSite" time="0.546"/>
  <testcase classname="XKomSearchTest" name="checkIfProducerFilterReducePagesAmount" time="5.331"/>
  <testcase classname="XKomSearchTest" name="checkPriceFilter" time="4.383">
    <failure message="For input string: &quot;5399.00zł&quot;" type="java.lang.NumberFormatException">java.lang.NumberFormatException: For input string: &quot;5399.00zł&quot;
	at java.base/jdk.internal.math.FloatingDecimal.readJavaFormatString(FloatingDecimal.java:2054)
	at java.base/jdk.internal.math.FloatingDecimal.parseDouble(FloatingDecimal.java:110)
	at java.base/java.lang.Double.parseDouble(Double.java:543)
	at Pages.XKomSearchPage.getPricesList(XKomSearchPage.java:119)
	at XKomSearchTest.checkPriceFilter(XKomSearchTest.java:81)
</failure>
    <system-err>Starting ChromeDriver 74.0.3729.6 (255758eccf3d244491b8a1317aa76e1ce10d57e9-refs/branch-heads/3729@{#29}) on port 35402
Only local connections are allowed.
Please protect ports used by ChromeDriver and related test frameworks to prevent access by malicious code.
[1561487213.822][WARNING]: This version of ChromeDriver has not been tested with Chrome version 75.
Jun 25, 2019 8:26:54 PM org.openqa.selenium.remote.ProtocolHandshake createSession
INFO: Detected dialect: OSS
</system-err>
  </testcase>
</testsuite>