<?xml version="1.0" encoding="UTF-8" ?>
<testsuite tests="17" failures="1" name="XKomSearchTest" time="138.1" errors="0" skipped="16">
  <properties>
[...]
</properties>
  <testcase classname="XKomSearchTest" name="setUp" time="8.121">
    <failure message="no such element: Unable to locate element: {&quot;method&quot;:&quot;xpath&quot;,&quot;selector&quot;:&quot;//*[@id=&quot;searchBar&quot;]/div[1]/div[1]/input&quot;}
  (Session info: chrome=75.0.3770.100)
For documentation on this error, please visit: https://www.seleniumhq.org/exceptions/no_such_element.html
Build info: version: &apos;3.141.59&apos;, revision: &apos;e82be7d358&apos;, time: &apos;2018-11-14T08:17:03&apos;
System info: host: &apos;PRZEWAB-HP&apos;, ip: &apos;192.168.0.13&apos;, os.name: &apos;Windows 10&apos;, os.arch: &apos;amd64&apos;, os.version: &apos;10.0&apos;, java.version: &apos;11.0.1&apos;
Driver info: org.openqa.selenium.chrome.ChromeDriver
Capabilities {acceptInsecureCerts: false, browserName: chrome, browserVersion: 75.0.3770.100, chrome: {chromedriverVersion: 75.0.3770.8 (681f24ea911fe7..., userDataDir: C:\WINDOWS\TEMP\scoped_dir8...}, goog:chromeOptions: {debuggerAddress: localhost:61580}, javascriptEnabled: true, networkConnectionEnabled: false, pageLoadStrategy: normal, platform: XP, platformName: XP, proxy: Proxy(), setWindowRect: true, strictFileInteractability: false, timeouts: {implicit: 0, pageLoad: 300000, script: 30000}, unhandledPromptBehavior: dismiss and notify}
Session ID: 94b472fa562d00a8c3ffb29a4ec8fe36
*** Element info: {Using=xpath, value=//*[@id=&quot;searchBar&quot;]/div[1]/div[1]/input}" type="org.openqa.selenium.NoSuchElementException">org.openqa.selenium.NoSuchElementException: no such element: Unable to locate element: {&quot;method&quot;:&quot;xpath&quot;,&quot;selector&quot;:&quot;//*[@id=&quot;searchBar&quot;]/div[1]/div[1]/input&quot;}
  (Session info: chrome=75.0.3770.100)
For documentation on this error, please visit: https://www.seleniumhq.org/exceptions/no_such_element.html
Build info: version: &apos;3.141.59&apos;, revision: &apos;e82be7d358&apos;, time: &apos;2018-11-14T08:17:03&apos;
System info: host: &apos;PRZEWAB-HP&apos;, ip: &apos;192.168.0.13&apos;, os.name: &apos;Windows 10&apos;, os.arch: &apos;amd64&apos;, os.version: &apos;10.0&apos;, java.version: &apos;11.0.1&apos;
Driver info: org.openqa.selenium.chrome.ChromeDriver
Capabilities {acceptInsecureCerts: false, browserName: chrome, browserVersion: 75.0.3770.100, chrome: {chromedriverVersion: 75.0.3770.8 (681f24ea911fe7..., userDataDir: C:\WINDOWS\TEMP\scoped_dir8...}, goog:chromeOptions: {debuggerAddress: localhost:61580}, javascriptEnabled: true, networkConnectionEnabled: false, pageLoadStrategy: normal, platform: XP, platformName: XP, proxy: Proxy(), setWindowRect: true, strictFileInteractability: false, timeouts: {implicit: 0, pageLoad: 300000, script: 30000}, unhandledPromptBehavior: dismiss and notify}
Session ID: 94b472fa562d00a8c3ffb29a4ec8fe36
*** Element info: {Using=xpath, value=//*[@id=&quot;searchBar&quot;]/div[1]/div[1]/input}
	at java.base/jdk.internal.reflect.NativeConstructorAccessorImpl.newInstance0(Native Method)
	at java.base/jdk.internal.reflect.NativeConstructorAccessorImpl.newInstance(NativeConstructorAccessorImpl.java:62)
	at java.base/jdk.internal.reflect.DelegatingConstructorAccessorImpl.newInstance(DelegatingConstructorAccessorImpl.java:45)
	at java.base/java.lang.reflect.Constructor.newInstance(Constructor.java:490)
	at org.openqa.selenium.remote.http.W3CHttpResponseCodec.createException(W3CHttpResponseCodec.java:187)
	at org.openqa.selenium.remote.http.W3CHttpResponseCodec.decode(W3CHttpResponseCodec.java:122)
	at org.openqa.selenium.remote.http.W3CHttpResponseCodec.decode(W3CHttpResponseCodec.java:49)
	at org.openqa.selenium.remote.HttpCommandExecutor.execute(HttpCommandExecutor.java:158)
	at org.openqa.selenium.remote.service.DriverCommandExecutor.execute(DriverCommandExecutor.java:83)
	at org.openqa.selenium.remote.RemoteWebDriver.execute(RemoteWebDriver.java:552)
	at org.openqa.selenium.remote.RemoteWebDriver.findElement(RemoteWebDriver.java:323)
	at org.openqa.selenium.remote.RemoteWebDriver.findElementByXPath(RemoteWebDriver.java:428)
	at org.openqa.selenium.By$ByXPath.findElement(By.java:353)
	at org.openqa.selenium.remote.RemoteWebDriver.findElement(RemoteWebDriver.java:315)
	at org.openqa.selenium.support.pagefactory.DefaultElementLocator.findElement(DefaultElementLocator.java:69)
	at org.openqa.selenium.support.pagefactory.internal.LocatingElementHandler.invoke(LocatingElementHandler.java:38)
	at com.sun.proxy.$Proxy11.sendKeys(Unknown Source)
	at Pages.XKomSearchPageFactory.productSearch(XKomSearchPageFactory.java:65)
	at XKomSearchTest.setUp(XKomSearchTest.java:32)
</failure>
    <system-out>Configuring TestNG with: org.apache.maven.surefire.testng.conf.TestNG652Configurator@63e2203c
17:42:57.508 [main] DEBUG io.github.bonigarcia.wdm.Preferences - Preference found chrome75=75.0.3770.8 (valid until 2019-07-15 12:30:00)
17:42:57.511 [main] INFO io.github.bonigarcia.wdm.WebDriverManager - Using chromedriver 75.0.3770.8 (since Google Chrome 75 is installed in your machine)
17:42:57.519 [main] DEBUG io.github.bonigarcia.wdm.WebDriverManager - Driver chromedriver 75.0.3770.8 found in cache
17:42:57.519 [main] INFO io.github.bonigarcia.wdm.WebDriverManager - Exporting webdriver.chrome.driver as C:\WINDOWS\system32\config\systemprofile\.m2\repository\webdriver\chromedriver\win32\75.0.3770.8\chromedriver.exe
</system-out>
    <system-err>Starting ChromeDriver 75.0.3770.8 (681f24ea911fe754973dda2fdc6d2a2e159dd300-refs/branch-heads/3770@{#40}) on port 9037
Only local connections are allowed.
Please protect ports used by ChromeDriver and related test frameworks to prevent access by malicious code.
Jul 14, 2019 5:42:59 PM org.openqa.selenium.remote.ProtocolHandshake createSession
INFO: Detected dialect: W3C
</system-err>
  </testcase>
  <testcase classname="XKomSearchTest" name="checkGetIntoProductDetails" time="8.121">
    <skipped/>
  </testcase>
  <testcase classname="XKomSearchTest" name="tearDown" time="8.121">
    <skipped/>
  </testcase>
  <testcase classname="XKomSearchTest" name="getResult" time="8.121">
    <skipped/>
  </testcase>
  <testcase classname="XKomSearchTest" name="setUp" time="8.121">
    <skipped/>
  </testcase>
  <testcase classname="XKomSearchTest" name="checkGoingToNextSite" time="8.121">
    <skipped/>
  </testcase>
  <testcase classname="XKomSearchTest" name="tearDown" time="8.121">
    <skipped/>
  </testcase>
  <testcase classname="XKomSearchTest" name="getResult" time="8.121">
    <skipped/>
  </testcase>
  <testcase classname="XKomSearchTest" name="setUp" time="8.121">
    <skipped/>
  </testcase>
  <testcase classname="XKomSearchTest" name="checkIfProducerFilterReducePagesAmount" time="8.121">
    <skipped/>
  </testcase>
  <testcase classname="XKomSearchTest" name="tearDown" time="8.121">
    <skipped/>
  </testcase>
  <testcase classname="XKomSearchTest" name="getResult" time="8.121">
    <skipped/>
  </testcase>
  <testcase classname="XKomSearchTest" name="setUp" time="8.121">
    <skipped/>
  </testcase>
  <testcase classname="XKomSearchTest" name="checkPriceFilter" time="8.121">
    <skipped/>
  </testcase>
  <testcase classname="XKomSearchTest" name="tearDown" time="8.121">
    <skipped/>
  </testcase>
  <testcase classname="XKomSearchTest" name="getResult" time="8.121">
    <skipped/>
  </testcase>
  <testcase classname="XKomSearchTest" name="reportAfterTestSuite" time="8.164">
    <skipped/>
  </testcase>
</testsuite>