<?xml version="1.0" encoding="UTF-8"?>
<testng-results ignored="0" total="4" passed="3" failed="1" skipped="0">
  <reporter-output>
  </reporter-output>
  <suite started-at="2019-06-25T18:25:59Z" name="XKomSearchTest" finished-at="2019-06-25T18:27:09Z" duration-ms="69905">
    <groups>
    </groups>
    <test started-at="2019-06-25T18:25:59Z" name="Command line test" finished-at="2019-06-25T18:27:09Z" duration-ms="69905">
      <class name="XKomSearchTest">
        <test-method is-config="true" signature="reportSetUp()[pri:0, instance:XKomSearchTest@1046d517]" started-at="2019-06-25T18:25:59Z" name="reportSetUp" finished-at="2019-06-25T18:25:59Z" duration-ms="144" status="PASS">
          <reporter-output>
          </reporter-output>
        </test-method> <!-- reportSetUp -->
        <test-method is-config="true" signature="setUp()[pri:0, instance:XKomSearchTest@1046d517]" started-at="2019-06-25T18:25:59Z" name="setUp" finished-at="2019-06-25T18:26:11Z" duration-ms="11567" status="PASS">
          <reporter-output>
          </reporter-output>
        </test-method> <!-- setUp -->
        <test-method signature="checkGetIntoProductDetails()[pri:0, instance:XKomSearchTest@1046d517]" started-at="2019-06-25T18:26:11Z" name="checkGetIntoProductDetails" finished-at="2019-06-25T18:26:18Z" duration-ms="7204" status="PASS">
          <reporter-output>
          </reporter-output>
        </test-method> <!-- checkGetIntoProductDetails -->
        <test-method is-config="true" signature="tearDown()[pri:0, instance:XKomSearchTest@1046d517]" started-at="2019-06-25T18:26:18Z" name="tearDown" finished-at="2019-06-25T18:26:19Z" duration-ms="735" status="PASS">
          <reporter-output>
          </reporter-output>
        </test-method> <!-- tearDown -->
        <test-method is-config="true" signature="getResult(org.testng.ITestResult)[pri:0, instance:XKomSearchTest@1046d517]" started-at="2019-06-25T18:26:19Z" name="getResult" finished-at="2019-06-25T18:26:19Z" duration-ms="9" status="PASS">
          <params>
            <param index="0">
              <value>
                <![CDATA[[TestResult name=checkGetIntoProductDetails status=SUCCESS method=XKomSearchTest.checkGetIntoProductDetails()[pri:0, instance:XKomSearchTest@1046d517] output={null}]]]>
              </value>
            </param>
          </params>
          <reporter-output>
          </reporter-output>
        </test-method> <!-- getResult -->
        <test-method is-config="true" signature="setUp()[pri:0, instance:XKomSearchTest@1046d517]" started-at="2019-06-25T18:26:19Z" name="setUp" finished-at="2019-06-25T18:26:30Z" duration-ms="11540" status="PASS">
          <reporter-output>
          </reporter-output>
        </test-method> <!-- setUp -->
        <test-method signature="checkGoingToNextSite()[pri:0, instance:XKomSearchTest@1046d517]" started-at="2019-06-25T18:26:30Z" name="checkGoingToNextSite" finished-at="2019-06-25T18:26:31Z" duration-ms="547" status="PASS">
          <reporter-output>
          </reporter-output>
        </test-method> <!-- checkGoingToNextSite -->
        <test-method is-config="true" signature="tearDown()[pri:0, instance:XKomSearchTest@1046d517]" started-at="2019-06-25T18:26:31Z" name="tearDown" finished-at="2019-06-25T18:26:32Z" duration-ms="712" status="PASS">
          <reporter-output>
          </reporter-output>
        </test-method> <!-- tearDown -->
        <test-method is-config="true" signature="getResult(org.testng.ITestResult)[pri:0, instance:XKomSearchTest@1046d517]" started-at="2019-06-25T18:26:32Z" name="getResult" finished-at="2019-06-25T18:26:32Z" duration-ms="1" status="PASS">
          <params>
            <param index="0">
              <value>
                <![CDATA[[TestResult name=checkGoingToNextSite status=SUCCESS method=XKomSearchTest.checkGoingToNextSite()[pri:0, instance:XKomSearchTest@1046d517] output={null}]]]>
              </value>
            </param>
          </params>
          <reporter-output>
          </reporter-output>
        </test-method> <!-- getResult -->
        <test-method is-config="true" signature="setUp()[pri:0, instance:XKomSearchTest@1046d517]" started-at="2019-06-25T18:26:32Z" name="setUp" finished-at="2019-06-25T18:26:46Z" duration-ms="14473" status="PASS">
          <reporter-output>
          </reporter-output>
        </test-method> <!-- setUp -->
        <test-method signature="checkIfProducerFilterReducePagesAmount()[pri:0, instance:XKomSearchTest@1046d517]" started-at="2019-06-25T18:26:46Z" name="checkIfProducerFilterReducePagesAmount" finished-at="2019-06-25T18:26:51Z" duration-ms="5332" status="PASS">
          <reporter-output>
          </reporter-output>
        </test-method> <!-- checkIfProducerFilterReducePagesAmount -->
        <test-method is-config="true" signature="tearDown()[pri:0, instance:XKomSearchTest@1046d517]" started-at="2019-06-25T18:26:51Z" name="tearDown" finished-at="2019-06-25T18:26:52Z" duration-ms="795" status="PASS">
          <reporter-output>
          </reporter-output>
        </test-method> <!-- tearDown -->
        <test-method is-config="true" signature="getResult(org.testng.ITestResult)[pri:0, instance:XKomSearchTest@1046d517]" started-at="2019-06-25T18:26:52Z" name="getResult" finished-at="2019-06-25T18:26:52Z" duration-ms="1" status="PASS">
          <params>
            <param index="0">
              <value>
                <![CDATA[[TestResult name=checkIfProducerFilterReducePagesAmount status=SUCCESS method=XKomSearchTest.checkIfProducerFilterReducePagesAmount()[pri:0, instance:XKomSearchTest@1046d517] output={null}]]]>
              </value>
            </param>
          </params>
          <reporter-output>
          </reporter-output>
        </test-method> <!-- getResult -->
        <test-method is-config="true" signature="setUp()[pri:0, instance:XKomSearchTest@1046d517]" started-at="2019-06-25T18:26:52Z" name="setUp" finished-at="2019-06-25T18:27:04Z" duration-ms="11861" status="PASS">
          <reporter-output>
          </reporter-output>
        </test-method> <!-- setUp -->
        <test-method signature="checkPriceFilter()[pri:0, instance:XKomSearchTest@1046d517]" started-at="2019-06-25T18:27:04Z" name="checkPriceFilter" finished-at="2019-06-25T18:27:08Z" duration-ms="4378" status="FAIL">
          <exception class="java.lang.NumberFormatException">
            <message>
              <![CDATA[For input string: "5399.00zł"]]>
            </message>
            <full-stacktrace>
              <![CDATA[java.lang.NumberFormatException: For input string: "5399.00zł"
at java.base/jdk.internal.math.FloatingDecimal.readJavaFormatString(FloatingDecimal.java:2054)
at java.base/jdk.internal.math.FloatingDecimal.parseDouble(FloatingDecimal.java:110)
at java.base/java.lang.Double.parseDouble(Double.java:543)
at Pages.XKomSearchPage.getPricesList(XKomSearchPage.java:119)
at XKomSearchTest.checkPriceFilter(XKomSearchTest.java:81)
at java.base/jdk.internal.reflect.NativeMethodAccessorImpl.invoke0(Native Method)
at java.base/jdk.internal.reflect.NativeMethodAccessorImpl.invoke(NativeMethodAccessorImpl.java:62)
at java.base/jdk.internal.reflect.DelegatingMethodAccessorImpl.invoke(DelegatingMethodAccessorImpl.java:43)
at java.base/java.lang.reflect.Method.invoke(Method.java:566)
at org.testng.internal.MethodInvocationHelper.invokeMethod(MethodInvocationHelper.java:124)
at org.testng.internal.Invoker.invokeMethod(Invoker.java:583)
at org.testng.internal.Invoker.invokeTestMethod(Invoker.java:719)
at org.testng.internal.Invoker.invokeTestMethods(Invoker.java:989)
at org.testng.internal.TestMethodWorker.invokeTestMethods(TestMethodWorker.java:125)
at org.testng.internal.TestMethodWorker.run(TestMethodWorker.java:109)
at org.testng.TestRunner.privateRun(TestRunner.java:648)
at org.testng.TestRunner.run(TestRunner.java:505)
at org.testng.SuiteRunner.runTest(SuiteRunner.java:455)
at org.testng.SuiteRunner.runSequentially(SuiteRunner.java:450)
at org.testng.SuiteRunner.privateRun(SuiteRunner.java:415)
at org.testng.SuiteRunner.run(SuiteRunner.java:364)
at org.testng.SuiteRunnerWorker.runSuite(SuiteRunnerWorker.java:52)
at org.testng.SuiteRunnerWorker.run(SuiteRunnerWorker.java:84)
at org.testng.TestNG.runSuitesSequentially(TestNG.java:1208)
at org.testng.TestNG.runSuitesLocally(TestNG.java:1137)
at org.testng.TestNG.runSuites(TestNG.java:1049)
at org.testng.TestNG.run(TestNG.java:1017)
at org.apache.maven.surefire.testng.TestNGExecutor.run(TestNGExecutor.java:77)
at org.apache.maven.surefire.testng.TestNGDirectoryTestSuite.execute(TestNGDirectoryTestSuite.java:110)
at org.apache.maven.surefire.testng.TestNGProvider.invoke(TestNGProvider.java:106)
at java.base/jdk.internal.reflect.NativeMethodAccessorImpl.invoke0(Native Method)
at java.base/jdk.internal.reflect.NativeMethodAccessorImpl.invoke(NativeMethodAccessorImpl.java:62)
at java.base/jdk.internal.reflect.DelegatingMethodAccessorImpl.invoke(DelegatingMethodAccessorImpl.java:43)
at java.base/java.lang.reflect.Method.invoke(Method.java:566)
at org.apache.maven.surefire.util.ReflectionUtils.invokeMethodWithArray(ReflectionUtils.java:189)
at org.apache.maven.surefire.booter.ProviderFactory$ProviderProxy.invoke(ProviderFactory.java:165)
at org.apache.maven.surefire.booter.ProviderFactory.invokeProvider(ProviderFactory.java:85)
at org.apache.maven.surefire.booter.ForkedBooter.runSuitesInProcess(ForkedBooter.java:115)
at org.apache.maven.surefire.booter.ForkedBooter.main(ForkedBooter.java:75)
]]>
            </full-stacktrace>
          </exception> <!-- java.lang.NumberFormatException -->
          <reporter-output>
          </reporter-output>
        </test-method> <!-- checkPriceFilter -->
        <test-method is-config="true" signature="tearDown()[pri:0, instance:XKomSearchTest@1046d517]" started-at="2019-06-25T18:27:08Z" name="tearDown" finished-at="2019-06-25T18:27:09Z" duration-ms="722" status="PASS">
          <reporter-output>
          </reporter-output>
        </test-method> <!-- tearDown -->
        <test-method is-config="true" signature="getResult(org.testng.ITestResult)[pri:0, instance:XKomSearchTest@1046d517]" started-at="2019-06-25T18:27:09Z" name="getResult" finished-at="2019-06-25T18:27:09Z" duration-ms="5" status="PASS">
          <params>
            <param index="0">
              <value>
                <![CDATA[[TestResult name=checkPriceFilter status=FAILURE method=XKomSearchTest.checkPriceFilter()[pri:0, instance:XKomSearchTest@1046d517] output={null}]]]>
              </value>
            </param>
          </params>
          <reporter-output>
          </reporter-output>
        </test-method> <!-- getResult -->
        <test-method is-config="true" signature="reportAfterTestSuite()[pri:0, instance:XKomSearchTest@1046d517]" started-at="2019-06-25T18:27:09Z" name="reportAfterTestSuite" finished-at="2019-06-25T18:27:10Z" duration-ms="465" status="PASS">
          <reporter-output>
          </reporter-output>
        </test-method> <!-- reportAfterTestSuite -->
      </class> <!-- XKomSearchTest -->
    </test> <!-- Command line test -->
  </suite> <!-- XKomSearchTest -->
</testng-results>
